25.6s 1 Iteration 0|Cross Intropy 0.6931
34.6s 2 Iteration 100|Cross Intropy 0.2514
43.6s 3 Iteration 200|Cross Intropy 0.2507
52.6s 4 Iteration 300|Cross Intropy 0.2503
61.4s 5 Iteration 400|Cross Intropy 0.2499
70.8s 6 Iteration 500|Cross Intropy 0.2496
79.6s 7 Iteration 600|Cross Intropy 0.2494
88.5s 8 Iteration 700|Cross Intropy 0.2492
97.4s 9 Iteration 800|Cross Intropy 0.2490
106.7s 10 Iteration 900|Cross Intropy 0.2488
115.6s 11 Iteration 1000|Cross Intropy 0.2486
124.7s 12 Iteration 1100|Cross Intropy 0.2485
134.1s 13 Iteration 1200|Cross Intropy 0.2484
143.3s 14 Iteration 1300|Cross Intropy 0.2483
152.0s 15 Iteration 1400|Cross Intropy 0.2482
160.8s 16 Iteration 1500|Cross Intropy 0.2481
170.1s 17 Iteration 1600|Cross Intropy 0.2480
178.9s 18 Iteration 1700|Cross Intropy 0.2479
187.7s 19 Iteration 1800|Cross Intropy 0.2479
196.8s 20 Iteration 1900|Cross Intropy 0.2478
206.6s 21 ----------train----------
206.6s 22 Accu: 0.9324634646150528 %
206.6s 23 Recall@1: 0.0
206.6s 24 Recall@2: 0.0
206.6s 25 Recall@3: 0.0
206.6s 26 Recall@4: 0.0
206.6s 27 Recall@5: 0.0
206.6s 28 Recall@6: 0.0
206.6s 29 Recall@7: 0.0
206.6s 30 Recall@8: 0.0
206.6s 31 Recall@9: 0.0
206.6s 32 Recall@10: 0.0
206.6s 33 Recall@11: 0.0
206.6s 34 Recall@12: 0.0
206.6s 35 Recall@13: 0.0
206.6s 36 Recall@14: 0.0
206.6s 37 Recall@15: 0.0
206.6s 38 Recall@16: 0.0
206.6s 39 Recall@17: 0.0
206.6s 40 Recall@18: 0.0
206.6s 41 Recall@19: 0.0
206.6s 42 Recall@20: 0.0
206.6s 43 MAP@5: 0.0
206.6s 44 MAP@10: 0.0
206.6s 45 nDCG@5: 0.0
206.6s 46 nDCG@10: 0.0
206.6s 47 ----------test----------
206.6s 48 Accu: 0.0 %
206.6s 49 Recall@1: 0.0
206.6s 50 Recall@2: 0.0
206.6s 51 Recall@3: 0.0
206.6s 52 Recall@4: 0.0
206.6s 53 Recall@5: 0.0
206.6s 54 Recall@6: 0.0
206.6s 55 Recall@7: 0.0
206.6s 56 Recall@8: 0.0
206.6s 57 Recall@9: 0.0
206.6s 58 Recall@10: 0.0
206.6s 59 Recall@11: 0.0
206.6s 60 Recall@12: 0.0
206.6s 61 Recall@13: 0.0
206.6s 62 Recall@14: 0.0
206.6s 63 Recall@15: 0.0
206.6s 64 Recall@16: 0.0
206.6s 65 Recall@17: 0.0
206.6s 66 Recall@18: 0.0
206.6s 67 Recall@19: 0.0
206.6s 68 Recall@20: 0.0
206.6s 69 MAP@5: 0.0
206.6s 70 MAP@10: 0.0
206.6s 71 nDCG@5: 0.0
206.6s 72 nDCG@10: 0.0
206.6s 73 {'lr': 0.01, 'iterations': 2000, 'costs': [array(0.69314718), array(0.28171087), array(0.25765988), array(0.25306882), array(0.25181349), array(0.25137088), array(0.25116021), array(0.25102266), array(0.25091077), array(0.25080959), array(0.25071423), array(0.25062302), array(0.25053529), array(0.25045075), array(0.2503692), array(0.2502905), array(0.25021452), array(0.25014114), array(0.25007024), array(0.25000171), array(0.24993546), array(0.24987139), array(0.2498094), array(0.2497494), array(0.24969131), array(0.24963505), array(0.24958054), array(0.24952771), array(0.24947649), array(0.2494268), array(0.2493786), array(0.24933181), array(0.24928638), array(0.24924225), array(0.24919938), array(0.24915771), array(0.24911718), array(0.24907777), array(0.24903942), array(0.24900209), array(0.24896574), array(0.24893034), array(0.24889584), array(0.24886222), array(0.24882944), array(0.24879746), array(0.24876627), array(0.24873582), array(0.2487061), array(0.24867707), array(0.24864871), array(0.248621), array(0.24859392), array(0.24856743), array(0.24854153), array(0.24851618), array(0.24849138), array(0.2484671), array(0.24844333), array(0.24842004), array(0.24839723), array(0.24837487), array(0.24835295), array(0.24833147), array(0.24831039), array(0.24828972), array(0.24826944), array(0.24824953), array(0.24822999), array(0.2482108), array(0.24819195), array(0.24817344), array(0.24815525), array(0.24813738), array(0.24811981), array(0.24810253), array(0.24808555), array(0.24806884), array(0.2480524), array(0.24803623), array(0.24802032), array(0.24800466), array(0.24798924), array(0.24797406), array(0.24795911), array(0.24794438), array(0.24792988), array(0.24791559), array(0.24790151), array(0.24788763), array(0.24787395), array(0.24786047), array(0.24784717), array(0.24783406), array(0.24782113), array(0.24780837), array(0.24779579), array(0.24778338), array(0.24777113), array(0.24775904)], 'w': array([[-1.50972482e-01],
206.6s 74 [-2.84644822e-01],
206.6s 75 [-1.85374506e-01],
206.6s 76 [-3.65353394e-03],
206.6s 77 [-1.15957031e-01],
206.6s 78 [-7.09809250e-03],
206.6s 79 [-1.70485614e-02],
206.6s 80 [-2.94432976e-02],
206.6s 81 [ 2.35896450e-03],
206.6s 82 [-5.49381647e-03],
206.6s 83 [-9.71510473e-03],
206.6s 84 [-9.26537708e-03],
206.6s 85 [-1.69502849e-02],
206.6s 86 [-3.30794508e-02],
206.6s 87 [ 6.87367870e-03],
206.6s 88 [-1.94065473e-02],
206.6s 89 [ 7.14648191e-03],
206.6s 90 [-2.72468027e-03],
206.6s 91 [-5.87311649e-03],
206.6s 92 [-4.43998366e-02],
206.6s 93 [-5.72205930e-02],
206.6s 94 [-1.31504123e-02],
206.6s 95 [-3.51132861e-03],
206.6s 96 [ 3.72037129e-02],
206.6s 97 [-1.69250224e-02],
206.6s 98 [-1.94065473e-02],
206.6s 99 [ 7.14648191e-03],
206.6s 100 [-2.72468027e-03],
206.6s 101 [-1.01620430e-01],
206.6s 102 [-5.87311649e-03],
206.6s 103 [-1.69250224e-02],
206.6s 104 [-1.31504123e-02],
206.6s 105 [-3.51132861e-03],
206.6s 106 [ 3.72037129e-02],
206.6s 107 [-3.49991315e-02],
206.6s 108 [-3.81504663e-02],
206.6s 109 [ 1.81555648e-02],
206.6s 110 [-4.47852414e-02],
206.6s 111 [-1.90820678e-02],
206.6s 112 [-9.34374676e-02],
206.6s 113 [-1.50072084e-04],
206.6s 114 [ 1.72797669e-04],
206.6s 115 [-3.34297158e-05],
206.6s 116 [-5.87311649e-03],
206.6s 117 [-9.54440253e-06],
206.6s 118 [-2.37645632e-03],
206.6s 119 [-8.33249536e-03],
206.6s 120 [-6.37741352e-06],
206.6s 121 [-4.21092707e-06],
206.6s 122 [-4.41492776e-06],
206.6s 123 [-8.44021781e-05],
206.6s 124 [-1.64540469e-05],
206.6s 125 [-3.59085817e-06],
206.6s 126 [-5.70420690e-03],
206.6s 127 [ 4.31745310e-05],
206.6s 128 [ 8.04792095e-04],
206.6s 129 [ 0.00000000e+00],
206.6s 130 [-5.58371432e-06],
206.6s 131 [-3.37007393e-03],
206.6s 132 [-1.28472507e-05],
206.6s 133 [-4.92348528e-06],
206.6s 134 [-2.45982593e-05],
206.6s 135 [ 0.00000000e+00],
206.6s 136 [-1.04600788e-04],
206.6s 137 [-4.90334778e-06],
206.6s 138 [-1.72014552e-04],
206.6s 139 [-4.97080676e-05],
206.6s 140 [-4.01608298e-06],
206.6s 141 [-3.30364722e-05],
206.6s 142 [-9.46944747e-06],
206.6s 143 [-5.00918699e-05],
206.6s 144 [-2.10363324e-04],
206.6s 145 [-4.23333372e-02],
206.6s 146 [-5.45340276e-02],
206.6s 147 [-2.46081609e-02],
206.6s 148 [-3.25238024e-03],
206.6s 149 [ 1.76745460e-02],
206.6s 150 [ 2.45310146e-03],
206.6s 151 [-2.73961285e-03],
206.6s 152 [-6.58170148e-03],
206.6s 153 [-8.66081460e-03],
206.6s 154 [-4.66082944e-03],
206.6s 155 [ 6.85307480e-03],
206.6s 156 [ 1.73916319e-03],
206.6s 157 [-1.41945664e-02],
206.6s 158 [-1.04666776e-01]]), 'b': -0.11886134220670656}